Cores: 48
1901
Estimated energy:  (-1.7720761415338961-3.134208994729957e-06j)
Energy variance:  0.0022262094919708554
1902
Estimated energy:  (-1.771964970042785-3.949671464160319e-06j)
Energy variance:  0.002518208485524904
1903
Estimated energy:  (-1.7720763110023259-2.968980659861772e-06j)
Energy variance:  0.0021707081846294
1904
Estimated energy:  (-1.7720271628064572+7.169425964949704e-06j)
Energy variance:  0.002312290025304771
1905
Estimated energy:  (-1.7720725150400487-5.996702184638784e-06j)
Energy variance:  0.0022176162248033746
1906
Estimated energy:  (-1.7721220363304548+2.221149226825223e-06j)
Energy variance:  0.0021092036550671846
1907
Estimated energy:  (-1.7720181905391332-1.0546084503602658e-05j)
Energy variance:  0.0023776969301787065
1908
Estimated energy:  (-1.7721835559117562+3.9163180892808625e-06j)
Energy variance:  0.0019119097252797087
1909
Estimated energy:  (-1.7722507921386632-2.3230054883534656e-06j)
Energy variance:  0.001742452077566309
1910
Estimated energy:  (-1.7720860538547905-1.469303853413081e-06j)
Energy variance:  0.002200118917014584
1911
Estimated energy:  (-1.772083527206091+9.997853704324612e-06j)
Energy variance:  0.002170706082592673
1912
Estimated energy:  (-1.77223544570757-1.0253356668699218e-06j)
Energy variance:  0.001776632338495136
1913
Estimated energy:  (-1.772347136904678-1.7757214051058711e-06j)
Energy variance:  0.0014952156618596969
1914
Estimated energy:  (-1.7722421294797295-7.68496098148995e-06j)
Energy variance:  0.0017746717658983589
1915
Estimated energy:  (-1.7722471071369377+5.5636430360893495e-06j)
Energy variance:  0.0017520905070072708
1916
Estimated energy:  (-1.7721842485841006+4.678039455054192e-06j)
Energy variance:  0.0019149344686477492
1917
Estimated energy:  (-1.7722988552255237-2.8892044812442713e-07j)
Energy variance:  0.001636605383773289
1918
Estimated energy:  (-1.772135135830236-2.2513914294721924e-06j)
Energy variance:  0.002068530674492179
1919
Estimated energy:  (-1.7722323130905018+2.204821788569988e-06j)
Energy variance:  0.001810267451504697
1920
Estimated energy:  (-1.7721948637730502+1.1908223834290623e-05j)
Energy variance:  0.0018587919619176677
1921
Estimated energy:  (-1.7722072500797137+2.259331783843421e-05j)
Energy variance:  0.0018083882711512594
1922
Estimated energy:  (-1.7721881960571781+5.596710726675235e-06j)
Energy variance:  0.0018733021283943213
1923
Estimated energy:  (-1.7723973069263013+2.5982821782748674e-06j)
Energy variance:  0.001340025223904451
1924
Estimated energy:  (-1.7723472495284847-6.284876267829987e-06j)
Energy variance:  0.0014858940684702449
1925
Estimated energy:  (-1.7721829606519917-5.095222473434411e-07j)
Energy variance:  0.0019178419778859454
1926
Estimated energy:  (-1.7721975760964856+3.5900805195732417e-06j)
Energy variance:  0.001917029666789799
1927
Estimated energy:  (-1.7721500822988387+4.475801605677057e-06j)
Energy variance:  0.00197459379228882
1928
Estimated energy:  (-1.772415551728139+8.728441742852865e-06j)
Energy variance:  0.0012768455316258395
1929
Estimated energy:  (-1.7721330445476704+5.134812939925523e-06j)
Energy variance:  0.0020401896829754357
1930
Estimated energy:  (-1.7723998013386486-2.7798080950275886e-06j)
Energy variance:  0.0013502485216882081
1931
Estimated energy:  (-1.7722410310903354-1.4207768803557663e-06j)
Energy variance:  0.0017813910295409474
1932
Estimated energy:  (-1.7724116639916472+1.0145568246924852e-05j)
Energy variance:  0.0012905445942606897
1933
Estimated energy:  (-1.772356535403648+5.473434891382777e-07j)
Energy variance:  0.0014640287273466075
1934
Estimated energy:  (-1.7723464836906666-3.29169020802788e-06j)
Energy variance:  0.0015096880901343899
1935
Estimated energy:  (-1.772350193774107+2.1069248557694488e-07j)
Energy variance:  0.0014871633114994637
1936
Estimated energy:  (-1.772285309005771+1.1125167787736814e-06j)
Energy variance:  0.0016296119472038555
1937
Estimated energy:  (-1.7723831301307065-1.599111360021134e-05j)
Energy variance:  0.0013136720489458965
1938
Estimated energy:  (-1.772368597045059+7.229433071938581e-06j)
Energy variance:  0.0014074373386073512
1939
Estimated energy:  (-1.7724161519337944+1.4839741173088908e-06j)
Energy variance:  0.0012764536933777913
1940
Estimated energy:  (-1.7722418602241905-3.4021485677497996e-06j)
Energy variance:  0.0017807471109095553
1941
Estimated energy:  (-1.7720780663300255+4.987971399423024e-06j)
Energy variance:  0.002172893939265238
1942
Estimated energy:  (-1.7721354925161747+1.4613873997347378e-06j)
Energy variance:  0.0020144194153638617
1943
Estimated energy:  (-1.772405909071633+5.312306529518952e-06j)
Energy variance:  0.0012762509029177543
1944
Estimated energy:  (-1.7725013102614182+5.66516208130234e-06j)
Energy variance:  0.0010044085137598346
1945
Estimated energy:  (-1.7726250673409458-2.7575164883660067e-06j)
Energy variance:  0.0007352719074968256
1946
Estimated energy:  (-1.7722937749537346-1.099981834384382e-06j)
Energy variance:  0.0016370454635740242
1947
Estimated energy:  (-1.7724072298928693-4.606785070138765e-06j)
Energy variance:  0.0013606907567089873
1948
Estimated energy:  (-1.7724650831385997+1.3279496668965551e-06j)
Energy variance:  0.001159849276433795
1949
Estimated energy:  (-1.7724676552157237+1.0940021256181028e-06j)
Energy variance:  0.0011500403330131739
1950
Estimated energy:  (-1.7723605422864475-4.174229129656154e-06j)
Energy variance:  0.001461657137054042
1951
Estimated energy:  (-1.7724148520977168-9.8847917417309e-07j)
Energy variance:  0.0012966945156771
1952
Estimated energy:  (-1.772406086804391+2.952533385840472e-06j)
Energy variance:  0.001305731681461794
1953
Estimated energy:  (-1.772631187338639-4.051174199257706e-06j)
Energy variance:  0.0007296426786806814
1954
Estimated energy:  (-1.7725141152422026+9.411758441494792e-07j)
Energy variance:  0.0010396220777136231
1955
Estimated energy:  (-1.772563721496219-9.80176002152335e-08j)
Energy variance:  0.0008969655406464556
1956
Estimated energy:  (-1.7724584959024763-2.456055141293229e-06j)
Energy variance:  0.0012015301624070944
1957
Estimated energy:  (-1.7726899500951536-2.35834346651515e-06j)
Energy variance:  0.0005902678638132046
1958
Estimated energy:  (-1.77263146980196+1.6791466580760646e-06j)
Energy variance:  0.0007219280508956839
1959
Estimated energy:  (-1.7725730850560002+1.6364462789787708e-06j)
Energy variance:  0.0008828677900362053
1960
Estimated energy:  (-1.7727391734096785+1.5532792135685708e-06j)
Energy variance:  0.00043800758660382836
1961
Estimated energy:  (-1.7726891155791642-2.844627439011575e-06j)
Energy variance:  0.000593191226934716
1962
Estimated energy:  (-1.7727434729741507+1.36746284372285e-06j)
Energy variance:  0.00043054713105645533
1963
Estimated energy:  (-1.7726801581260705+4.577369033659896e-06j)
Energy variance:  0.0005880662319006802
1964
Estimated energy:  (-1.772747002121745-4.060522178233872e-06j)
Energy variance:  0.00044908035507393117
1965
Estimated energy:  (-1.7727972837982-1.0559677162271714e-06j)
Energy variance:  0.00028507595321159324
1966
Estimated energy:  (-1.7726842104220177+6.279265452070478e-06j)
Energy variance:  0.0005791128070340549
1967
Estimated energy:  (-1.7728558965278762-2.2050635637700876e-06j)
Energy variance:  0.00014727969221913382
1968
Estimated energy:  (-1.772626095818398+1.4186609765458475e-06j)
Energy variance:  0.0007292103429423632
1969
Estimated energy:  (-1.7726839710041509-5.574175807517703e-06j)
Energy variance:  0.0005827743524293645
1970
Estimated energy:  (-1.7727316369846418-2.5943020189497763e-07j)
Energy variance:  0.0004384394708709467
1971
Estimated energy:  (-1.7727367802990472+1.1981822202146567e-06j)
Energy variance:  0.00041992207652142427
1972
Estimated energy:  (-1.7726754932375268+4.279745869509813e-06j)
Energy variance:  0.0006054897231679886
1973
Estimated energy:  (-1.772851842178364-3.1710862997744236e-06j)
Energy variance:  0.0001342981832029926
1974
Estimated energy:  (-1.7727418870438048+1.726630402130058e-08j)
Energy variance:  0.0004530674963929971
1975
Estimated energy:  (-1.7729123263941393-1.4065013456053674e-06j)
Energy variance:  1.1547934316678005e-06
1976
Estimated energy:  (-1.772844065970094+1.2120986494333972e-06j)
Energy variance:  0.00015242672255272037
1977
Estimated energy:  (-1.7728531819247155+3.052755534414721e-06j)
Energy variance:  0.00015053946419136042
1978
Estimated energy:  (-1.7728395854182208-1.929323857427845e-07j)
Energy variance:  0.00015259554089311393
1979
Estimated energy:  (-1.7728540866194942+6.320982845328139e-07j)
Energy variance:  0.00014071327034855004
1980
Estimated energy:  (-1.7729062173950028-7.73577576475002e-07j)
Energy variance:  1.4159757636700907e-06
1981
Estimated energy:  (-1.7728523598880435+2.179637834867221e-06j)
Energy variance:  0.00014506768938885644
1982
Estimated energy:  (-1.7727908227651634+1.3146089414414298e-06j)
Energy variance:  0.0002916354420717417
1983
Estimated energy:  (-1.7728498616546973-4.891271005985778e-07j)
Energy variance:  0.00014150166440142048
1984
Estimated energy:  (-1.77291195445632+1.061512919448131e-06j)
Energy variance:  1.1444791427694491e-06
1985
Estimated energy:  (-1.7727447434083867-5.016879845446277e-06j)
Energy variance:  0.0004368235615455701
1986
Estimated energy:  (-1.7729098327006443-1.0460293470181202e-06j)
Energy variance:  1.1575752374649e-06
1987
Estimated energy:  (-1.7729102145052615+3.524838521633327e-06j)
Energy variance:  1.1297659338173618e-06
1988
Estimated energy:  (-1.7729108080656943+2.978007283387024e-06j)
Energy variance:  1.138502644177931e-06
1989
Estimated energy:  (-1.772905015156062+1.9938716392858455e-06j)
Energy variance:  1.1552278343890295e-06
1990
Estimated energy:  (-1.772897545073741+4.284586912307786e-06j)
Energy variance:  1.2549096612085144e-06
1991
Estimated energy:  (-1.7729037829843513+7.318527435680725e-07j)
Energy variance:  1.2945745142443747e-06
1992
Estimated energy:  (-1.772909888970412+8.009190999521407e-07j)
Energy variance:  1.30656284683556e-06
1993
Estimated energy:  (-1.772905968791137+2.8256419089890775e-07j)
Energy variance:  1.142640965755905e-06
1994
Estimated energy:  (-1.7729129500974747-3.0658494977596295e-06j)
Energy variance:  1.1661324789945056e-06
1995
Estimated energy:  (-1.7729018142824087-1.6142724674259692e-06j)
Energy variance:  1.1908072679465704e-06
1996
Estimated energy:  (-1.7729033194108288+1.1567938460773386e-06j)
Energy variance:  1.209523860161964e-06
1997
Estimated energy:  (-1.772908632487212+1.419771572444071e-06j)
Energy variance:  1.2038084600698544e-06
1998
Estimated energy:  (-1.7729106124658092-2.1706524478894534e-06j)
Energy variance:  1.1604154386888799e-06
1999
Estimated energy:  (-1.7729069017906387+1.1243876956965263e-06j)
Energy variance:  1.1958313452984744e-06
2000
Estimated energy:  (-1.7729104881280828-1.3346550237099344e-06j)
Energy variance:  1.1939316874038674e-06
Cores: 48
0
Estimated energy:  (-1.7729130971023737-3.12776745009224e-07j)
1
Estimated energy:  (-1.7729099044038155+2.8555577314474497e-06j)
2
Estimated energy:  (-1.7729105275041366+2.369830461796583e-06j)
3
Estimated energy:  (-1.7729131340585156-1.1515447295008657e-07j)
4
Estimated energy:  (-1.7729109016736764-1.341980383052249e-06j)
5
Estimated energy:  (-1.772915633604178+3.549448869222018e-07j)
6
Estimated energy:  (-1.7729146260837831+1.5707485608138373e-06j)
7
Estimated energy:  (-1.772911284238857+1.2166841501118708e-06j)
8
Estimated energy:  (-1.7729101433509253-2.6823271261657826e-06j)
9
Estimated energy:  (-1.772909728355308-1.4586793879717598e-06j)
10
Estimated energy:  (-1.7729129187494568-5.224403670726535e-07j)
11
Estimated energy:  (-1.772917147934189+2.2754702603985986e-06j)
12
Estimated energy:  (-1.7729108892665335-2.437552576587691e-07j)
13
Estimated energy:  (-1.7729172670996283+8.059520179247616e-07j)
14
Estimated energy:  (-1.7729118977397595-2.36334783447853e-06j)
15
Estimated energy:  (-1.7729132812926396+8.099515049860099e-07j)
16
Estimated energy:  (-1.7729132165576074+1.3183604514866212e-06j)
17
Estimated energy:  (-1.7729085460474396+1.6601442788102689e-06j)
18
Estimated energy:  (-1.7729162376766645+6.379907665899778e-07j)
19
Estimated energy:  (-1.7729095543433944+6.647654597382159e-07j)
20
Estimated energy:  (-1.7729129671042307+6.071002355905898e-07j)
21
Estimated energy:  (-1.7729132697330292+9.261344683310893e-07j)
22
Estimated energy:  (-1.7729071921419906+6.2954502616608e-07j)
23
Estimated energy:  (-1.7729089228823358+5.001608284942256e-07j)
24
Estimated energy:  (-1.7729110970701285+9.83448066887522e-07j)
25
Estimated energy:  (-1.7729125476597856+1.0765452218137272e-06j)
26
Estimated energy:  (-1.7729197009229265+1.5769450001314312e-06j)
27
Estimated energy:  (-1.7729109815546156+1.162388375181654e-06j)
28
Estimated energy:  (-1.7729139355780117+1.1097390556800402e-06j)
29
Estimated energy:  (-1.7729152929392527+4.7435051117948243e-07j)
30
Estimated energy:  (-1.7729130064410676+3.806472747019137e-07j)
31
Estimated energy:  (-1.7729101555425946+1.6855185820666099e-06j)
32
Estimated energy:  (-1.7729148550078602-9.568036519028678e-07j)
33
Estimated energy:  (-1.772909087661738+5.091954638848998e-07j)
34
Estimated energy:  (-1.772913021521181+8.88076892432603e-07j)
35
Estimated energy:  (-1.7729103125095682+7.008394555958564e-06j)
36
Estimated energy:  (-1.7729131313088373+2.4105340371478286e-06j)
37
Estimated energy:  (-1.7729114304663451+3.6880922597000626e-08j)
38
Estimated energy:  (-1.7729139868077506+1.5443143908650011e-06j)
39
Estimated energy:  (-1.7729149953145658-1.1898587198439386e-06j)
40
Estimated energy:  (-1.7729130141839773+5.616551237143084e-07j)
41
Estimated energy:  (-1.7729181572578656-1.2589274577894342e-06j)
42
Estimated energy:  (-1.7729120246536587-2.155008519571992e-06j)
43
Estimated energy:  (-1.7729103351017623-1.1134627110745533e-06j)
44
Estimated energy:  (-1.7729101566097054-1.1643369841686442e-06j)
45
Estimated energy:  (-1.7729112299839336-1.4905568706169214e-06j)
46
Estimated energy:  (-1.7729179490530607+2.0210090028716702e-06j)
47
Estimated energy:  (-1.7729108877937998-1.3150104149517697e-07j)
48
Estimated energy:  (-1.7729131518653904-4.36821728922834e-07j)
49
Estimated energy:  (-1.7729150254548054-7.312779902410955e-07j)
50
Estimated energy:  (-1.772917894609245-1.0500405440515909e-06j)
51
Estimated energy:  (-1.7729101295840681+1.6033289485142375e-06j)
52
Estimated energy:  (-1.7729098224123332+5.773648329106911e-07j)
53
Estimated energy:  (-1.772910084127989+1.7322913099547317e-08j)
54
Estimated energy:  (-1.772911713418817+1.480666257174432e-06j)
55
Estimated energy:  (-1.7729142323490348-1.8702028358313915e-06j)
56
Estimated energy:  (-1.7729092172331122+4.109304403354432e-08j)
57
Estimated energy:  (-1.772912054244598-4.897333517633259e-07j)
58
Estimated energy:  (-1.7729062455268445-1.0628485222756157e-06j)
59
Estimated energy:  (-1.772914317536056-2.1522660646732848e-07j)
60
Estimated energy:  (-1.7729168954174106+1.0600154505408917e-06j)
61
Estimated energy:  (-1.7729173434886658-9.751793378141972e-07j)
62
Estimated energy:  (-1.7729130777989945-6.54332777452965e-07j)
63
Estimated energy:  (-1.7729172973316916-8.499049104255367e-07j)
64
Estimated energy:  (-1.7729127893534864+3.0268987632552987e-06j)
65
Estimated energy:  (-1.772912229730278-9.899451800521025e-07j)
66
Estimated energy:  (-1.7729135608298592-6.030148548253494e-08j)
67
Estimated energy:  (-1.7729135914193168-3.1695360134692053e-07j)
68
Estimated energy:  (-1.7729083663156098-3.84451436545917e-09j)
69
Estimated energy:  (-1.7729152957165355-1.3161068389559146e-06j)
70
Estimated energy:  (-1.7729109577518736-9.478152714895495e-07j)
71
Estimated energy:  (-1.7729149015571886-3.71819252697903e-07j)
72
Estimated energy:  (-1.772910518498993+1.841921962522973e-06j)
73
Estimated energy:  (-1.772907755646188-2.606899622599694e-06j)
74
Estimated energy:  (-1.772917713584181+3.7714148888121845e-06j)
75
Estimated energy:  (-1.77291365914148-1.4348021206224494e-06j)
76
Estimated energy:  (-1.7729121575416145-3.7449112112843033e-06j)
77
Estimated energy:  (-1.772911442854698-3.8102410597372193e-06j)
78
Estimated energy:  (-1.7729135277009231-9.793256138370347e-08j)
79
Estimated energy:  (-1.7729131783875067-1.183032141666647e-06j)
80
Estimated energy:  (-1.772912069170459-7.603894898323606e-07j)
81
Estimated energy:  (-1.7729157524929022-3.502079233151923e-07j)
82
Estimated energy:  (-1.7729118304945968+7.681165724961098e-07j)
83
Estimated energy:  (-1.7729142614374291+2.2150766151286365e-06j)
84
Estimated energy:  (-1.7729150231501158+1.2859175846736693e-06j)
85
Estimated energy:  (-1.7729118566440836-9.72167849014415e-07j)
86
Estimated energy:  (-1.7729088917719864+1.3950997513914057e-06j)
87
Estimated energy:  (-1.7729159374176937+1.00331804981171e-06j)
88
Estimated energy:  (-1.7729120839231092-4.96156902673713e-07j)
89
Estimated energy:  (-1.7729147021327913-8.722093578261497e-07j)
90
Estimated energy:  (-1.7729106992737025-9.159962400033911e-07j)
91
Estimated energy:  (-1.7729098113910808-1.4414353529009798e-06j)
92
Estimated energy:  (-1.7729122865163516-2.7000656641990283e-06j)
93
Estimated energy:  (-1.772914560671906+5.744053307361632e-07j)
94
Estimated energy:  (-1.7729107992910293+1.11407083740075e-06j)
95
Estimated energy:  (-1.7729110862741804+1.41426942438297e-06j)
96
Estimated energy:  (-1.7729097962371672+1.829761913179618e-06j)
97
Estimated energy:  (-1.7729090327309336+8.208351742636301e-07j)
98
Estimated energy:  (-1.7729078707423032+4.214968946291012e-07j)
99
Estimated energy:  (-1.7729135879232436+2.9343655634640363e-06j)
100
Estimated energy:  (-1.772906087050495+2.489641333167125e-06j)
0
Estimated energy:  (-1.7728964499304194-1.01636200732491e-06j)
1
Estimated energy:  (-1.7728940842308023+2.1334122873745618e-06j)
2
Estimated energy:  (-1.772900136866208-3.0062626946546602e-06j)
3
Estimated energy:  (-1.7728994643438367-9.301614641400221e-07j)
4
Estimated energy:  (-1.7728983740159052-2.009262727412116e-06j)
5
Estimated energy:  (-1.77290219631421-5.210101677376166e-06j)
6
Estimated energy:  (-1.7728933701120926-1.959338401641716e-06j)
7
Estimated energy:  (-1.7728897920208653-4.2747206761443e-06j)
8
Estimated energy:  (-1.7728919034410027+1.3528968502993425e-06j)
9
Estimated energy:  (-1.7729060289454157+4.743318469172305e-06j)
10
Estimated energy:  (-1.7729050143152751-5.819271557441963e-07j)
11
Estimated energy:  (-1.772896688714195+2.4607242302972814e-07j)
12
Estimated energy:  (-1.7728964793544473+1.7611749091891972e-06j)
13
Estimated energy:  (-1.7728972424635254+2.4208308607091515e-06j)
14
Estimated energy:  (-1.772908262116587-2.963207106777329e-06j)
15
Estimated energy:  (-1.7729068652574274+2.5120097176959736e-07j)
16
Estimated energy:  (-1.77290350229176-5.66477690361769e-06j)
17
Estimated energy:  (-1.7729021149282682-3.3566224347440092e-06j)
18
Estimated energy:  (-1.7728909491853073-3.911319412516978e-06j)
19
Estimated energy:  (-1.7729047625759333-5.969079723840362e-07j)
20
Estimated energy:  (-1.7728976810765351+1.2800635006210854e-06j)
21
Estimated energy:  (-1.772894951352318-3.4489934801241903e-06j)
22
Estimated energy:  (-1.7728924994399597-5.592890757728145e-07j)
23
Estimated energy:  (-1.772887548435445+4.666922684129036e-06j)
24
Estimated energy:  (-1.7729026004024544-2.8889931728028593e-06j)
25
Estimated energy:  (-1.7729042440451597+4.151884870909243e-07j)
26
Estimated energy:  (-1.7728901954033893-2.346006994407948e-06j)
27
Estimated energy:  (-1.7728950653356026-1.4540163910612297e-07j)
28
Estimated energy:  (-1.7728984590849408+1.229558826569799e-06j)
29
Estimated energy:  (-1.7728916159063242-3.0518240327719126e-06j)
30
Estimated energy:  (-1.7728982690740496-3.7075365468367436e-07j)
31
Estimated energy:  (-1.7728908337921139+7.103035801715378e-06j)
32
Estimated energy:  (-1.772901922308983-2.6181562952017875e-06j)
33
Estimated energy:  (-1.7729056911467138+5.111678892388764e-06j)
34
Estimated energy:  (-1.7728951744631756+2.187926601612464e-06j)
35
Estimated energy:  (-1.772906764958642+6.3081941047069725e-06j)
36
Estimated energy:  (-1.772898290891846-3.3602759670023742e-06j)
37
Estimated energy:  (-1.7728901702639306+3.4019320225636855e-07j)
38
Estimated energy:  (-1.77289812812186+3.3133340886380264e-06j)
39
Estimated energy:  (-1.7728901907189185-8.876488087380294e-07j)
40
Estimated energy:  (-1.7728977043631813-5.269366627236159e-06j)
41
Estimated energy:  (-1.7728954687685525+3.846444434169121e-06j)
42
Estimated energy:  (-1.7729008681088028+4.1760196485055916e-07j)
43
Estimated energy:  (-1.772899510582198+1.300688648670512e-07j)
44
Estimated energy:  (-1.77290512141004+7.926260046997913e-07j)
45
Estimated energy:  (-1.7728951935839055+3.922045456958655e-06j)
46
Estimated energy:  (-1.772892808147025-7.821932575666264e-07j)
47
Estimated energy:  (-1.7728989469705705-1.170123884606006e-06j)
48
Estimated energy:  (-1.7729017572603958+3.0512492695986573e-07j)
49
Estimated energy:  (-1.7729050937387325-4.875385314799373e-06j)
50
Estimated energy:  (-1.7728971520438157-4.565571450276789e-07j)
51
Estimated energy:  (-1.7729019283373542+2.1878823113712344e-06j)
52
Estimated energy:  (-1.772894737191416-3.501254826411957e-06j)
53
Estimated energy:  (-1.7728922386730792+1.939429583312509e-06j)
54
Estimated energy:  (-1.772899014770359+3.3689225100740148e-06j)
55
Estimated energy:  (-1.7729106286844627+4.3211168276708827e-07j)
56
Estimated energy:  (-1.7729124163123666+2.214904132536769e-07j)
57
Estimated energy:  (-1.772892482220774-4.2787532402897347e-07j)
58
Estimated energy:  (-1.7728899522858763-4.2989789640362067e-07j)
59
Estimated energy:  (-1.77289620099212+2.599282735327416e-06j)
60
Estimated energy:  (-1.7728893377849968+1.8923066720017838e-06j)
61
Estimated energy:  (-1.7728900079437444-3.501687418344194e-06j)
62
Estimated energy:  (-1.7729053577537135+4.072577498779563e-06j)
63
Estimated energy:  (-1.7728951887539115-5.767299610571161e-07j)
64
Estimated energy:  (-1.7728804420615225-2.226230644804809e-06j)
65
Estimated energy:  (-1.7728931586272463-5.698416109188038e-06j)
66
Estimated energy:  (-1.77289220622428+2.075967927046982e-06j)
67
Estimated energy:  (-1.7728933920316294-5.602538016919579e-06j)
68
Estimated energy:  (-1.7728995545616086-3.0096785842193574e-06j)
69
Estimated energy:  (-1.7729040504885085+2.5937761140564207e-07j)
70
Estimated energy:  (-1.77290354537827-2.613057796503947e-07j)
71
Estimated energy:  (-1.7728885534031438-4.92334443391751e-06j)
72
Estimated energy:  (-1.7728981310524734-2.1858636447322913e-06j)
73
Estimated energy:  (-1.7728982127326847+4.46908330807736e-07j)
74
Estimated energy:  (-1.7729015046722023+4.039703503593772e-06j)
75
Estimated energy:  (-1.7729121226711573+3.843120230420708e-06j)
76
Estimated energy:  (-1.7728952535043354-7.25341800426904e-08j)
77
Estimated energy:  (-1.7728879573505036+3.381497794854586e-06j)
78
Estimated energy:  (-1.7728952612218103-1.188472547899643e-06j)
79
Estimated energy:  (-1.772906316237049-7.213358727470732e-07j)
80
Estimated energy:  (-1.7728961281070983-2.254215510734363e-06j)
81
Estimated energy:  (-1.7728871879481016+8.84226009905846e-07j)
82
Estimated energy:  (-1.7729062762402155+2.15923826937108e-06j)
83
Estimated energy:  (-1.7729009894825418-1.3025269418614745e-06j)
84
Estimated energy:  (-1.772897931818768+3.939628981755136e-06j)
85
Estimated energy:  (-1.7728980259968947-1.1934017192140252e-06j)
86
Estimated energy:  (-1.7728993506767947+5.268357644478298e-07j)
87
Estimated energy:  (-1.772886533820909+2.2167980036096106e-06j)
88
Estimated energy:  (-1.7728918156534572-1.4583710732517296e-06j)
89
Estimated energy:  (-1.7728907171357549+1.632609481695359e-06j)
90
Estimated energy:  (-1.7728979305852386+3.4114593745130454e-07j)
91
Estimated energy:  (-1.7729038038732607-4.558240282962766e-06j)
92
Estimated energy:  (-1.7729096006712346-8.644028496269457e-07j)
93
Estimated energy:  (-1.7729081038404357+1.1968052034830633e-07j)
94
Estimated energy:  (-1.772896433279515-5.259435145596583e-06j)
95
Estimated energy:  (-1.7728956271111787-3.1979240468168228e-06j)
96
Estimated energy:  (-1.7728978804988678+3.7701483780492994e-07j)
97
Estimated energy:  (-1.7728918335423691-6.801533913150606e-07j)
98
Estimated energy:  (-1.7728956982327553+8.362531522879385e-07j)
99
Estimated energy:  (-1.7728987395876732+4.5039981423931485e-06j)
100
Estimated energy:  (-1.7729009878717896+5.394535247228785e-07j)
