Cores: 48
1826
Estimated energy:  (-1.0154812500000001+0j)
Energy variance:  0.0223355558984375
1827
Estimated energy:  (-1.014105+0j)
Energy variance:  0.022496648975000002
1828
Estimated energy:  (-1.0151112500000001+0j)
Energy variance:  0.0225447251234375
1829
Estimated energy:  (-1.016125+0j)
Energy variance:  0.022337934374999993
1830
Estimated energy:  (-1.0141875+0j)
Energy variance:  0.02242411484375
1831
Estimated energy:  (-1.0141075+0j)
Energy variance:  0.02270957844375
1832
Estimated energy:  (-1.0165525+0j)
Energy variance:  0.02247801474375
1833
Estimated energy:  (-1.0148225+0j)
Energy variance:  0.02243434349375
1834
Estimated energy:  (-1.0151712499999999+0j)
Energy variance:  0.022579658173437503
1835
Estimated energy:  (-1.01472+0j)
Energy variance:  0.022269071600000002
1836
Estimated energy:  (-1.0145175+0j)
Energy variance:  0.022508392193749997
1837
Estimated energy:  (-1.014715+0j)
Energy variance:  0.022460918774999998
1838
Estimated energy:  (-1.01607375+0j)
Energy variance:  0.0226465595609375
1839
Estimated energy:  (-1.01599375+0j)
Energy variance:  0.0225535749609375
1840
Estimated energy:  (-1.01646375+0j)
Energy variance:  0.022541769935937497
1841
Estimated energy:  (-1.01371875+0j)
Energy variance:  0.0224135708984375
1842
Estimated energy:  (-1.01600625+0j)
Energy variance:  0.022749074960937497
1843
Estimated energy:  (-1.01495875+0j)
Energy variance:  0.022553060798437496
1844
Estimated energy:  (-1.015885+0j)
Energy variance:  0.022537766774999995
1845
Estimated energy:  (-1.0158+0j)
Energy variance:  0.02284556
1846
Estimated energy:  (-1.0155100000000001+0j)
Energy variance:  0.0222993399
1847
Estimated energy:  (-1.0155150000000002+0j)
Energy variance:  0.022324234775000004
1848
Estimated energy:  (-1.01536875+0j)
Energy variance:  0.0226058765234375
1849
Estimated energy:  (-1.014265+0j)
Energy variance:  0.022461809774999994
1850
Estimated energy:  (-1.0150775+0j)
Energy variance:  0.022499768993750006
1851
Estimated energy:  (-1.0146475+0j)
Energy variance:  0.02237035074375
1852
Estimated energy:  (-1.01351625+0j)
Energy variance:  0.0224760859859375
1853
Estimated energy:  (-1.0149675+0j)
Energy variance:  0.022575073943750003
1854
Estimated energy:  (-1.014825+0j)
Energy variance:  0.022657619375
1855
Estimated energy:  (-1.0149025+0j)
Energy variance:  0.02252871549375
1856
Estimated energy:  (-1.0160125+0j)
Energy variance:  0.02248734984375
1857
Estimated energy:  (-1.01538625+0j)
Energy variance:  0.0222423383109375
1858
Estimated energy:  (-1.01387125+0j)
Energy variance:  0.0224497134234375
1859
Estimated energy:  (-1.0155037500000001+0j)
Energy variance:  0.0224526087359375
1860
Estimated energy:  (-1.0154349999999999+0j)
Energy variance:  0.022501610775
1861
Estimated energy:  (-1.01656125+0j)
Energy variance:  0.0223255499984375
1862
Estimated energy:  (-1.01508875+0j)
Energy variance:  0.022478054623437497
1863
Estimated energy:  (-1.01524+0j)
Energy variance:  0.0223746924
1864
Estimated energy:  (-1.0151575+0j)
Energy variance:  0.022412450193750003
1865
Estimated energy:  (-1.0157275000000001+0j)
Energy variance:  0.02228324574375
1866
Estimated energy:  (-1.0158825+0j)
Energy variance:  0.022426846193749992
1867
Estimated energy:  (-1.015535+0j)
Energy variance:  0.022782763775
1868
Estimated energy:  (-1.01551375+0j)
Energy variance:  0.0225545985609375
1869
Estimated energy:  (-1.01521625+0j)
Energy variance:  0.022735340735937498
1870
Estimated energy:  (-1.0153625+0j)
Energy variance:  0.02274204359375
1871
Estimated energy:  (-1.0159737500000001+0j)
Energy variance:  0.0225035143109375
1872
Estimated energy:  (-1.01458125+0j)
Energy variance:  0.0224805121484375
1873
Estimated energy:  (-1.01593+0j)
Energy variance:  0.022428185099999998
1874
Estimated energy:  (-1.0144475+0j)
Energy variance:  0.022706619743750007
1875
Estimated energy:  (-1.0147937500000002+0j)
Energy variance:  0.0223626699609375
1876
Estimated energy:  (-1.0159962500000002+0j)
Energy variance:  0.022695244985937498
1877
Estimated energy:  (-1.0151925+0j)
Energy variance:  0.02253903794375
1878
Estimated energy:  (-1.0139525+0j)
Energy variance:  0.02242067774375
1879
Estimated energy:  (-1.0151925+0j)
Energy variance:  0.02262798794375
1880
Estimated energy:  (-1.01604+0j)
Energy variance:  0.022736668400000003
1881
Estimated energy:  (-1.01451375+0j)
Energy variance:  0.022501526060937495
1882
Estimated energy:  (-1.0155687500000001+0j)
Energy variance:  0.0224604890234375
1883
Estimated energy:  (-1.0152687500000002+0j)
Energy variance:  0.022725340273437502
1884
Estimated energy:  (-1.01475+0j)
Energy variance:  0.022342887500000002
1885
Estimated energy:  (-1.0155387500000002+0j)
Energy variance:  0.022483922248437496
1886
Estimated energy:  (-1.01495625+0j)
Energy variance:  0.0222409855859375
1887
Estimated energy:  (-1.01545625+0j)
Energy variance:  0.0222553293359375
1888
Estimated energy:  (-1.0155375+0j)
Energy variance:  0.022564436093749998
1889
Estimated energy:  (-1.0157175+0j)
Energy variance:  0.022481260193750005
1890
Estimated energy:  (-1.01587125+0j)
Energy variance:  0.0224298284234375
1891
Estimated energy:  (-1.015565+0j)
Energy variance:  0.022446880775000004
1892
Estimated energy:  (-1.015215+0j)
Energy variance:  0.022533253775
1893
Estimated energy:  (-1.0142475+0j)
Energy variance:  0.02250385874375
1894
Estimated energy:  (-1.01590625+0j)
Energy variance:  0.022484066210937497
1895
Estimated energy:  (-1.01485625+0j)
Energy variance:  0.0225042168359375
1896
Estimated energy:  (-1.014385+0j)
Energy variance:  0.022629821775
1897
Estimated energy:  (-1.014145+0j)
Energy variance:  0.022649568974999996
1898
Estimated energy:  (-1.0143275+0j)
Energy variance:  0.022811622743750003
1899
Estimated energy:  (-1.0159675+0j)
Energy variance:  0.022228088943750005
1900
Estimated energy:  (-1.01491+0j)
Energy variance:  0.022345641899999998
1901
Estimated energy:  (-1.01617+0j)
Energy variance:  0.0224557311
1902
Estimated energy:  (-1.0153975+0j)
Energy variance:  0.022327866993749997
1903
Estimated energy:  (-1.0162725000000001+0j)
Energy variance:  0.022247205743749998
1904
Estimated energy:  (-1.0148025+0j)
Energy variance:  0.022381235993750005
1905
Estimated energy:  (-1.01545625+0j)
Energy variance:  0.0227690793359375
1906
Estimated energy:  (-1.01423125+0j)
Energy variance:  0.022362496523437504
1907
Estimated energy:  (-1.015645+0j)
Energy variance:  0.022441083974999994
1908
Estimated energy:  (-1.01478375+0j)
Energy variance:  0.0225179157359375
1909
Estimated energy:  (-1.0148625+0j)
Energy variance:  0.02256890609375
1910
Estimated energy:  (-1.0145600000000001+0j)
Energy variance:  0.0222268064
1911
Estimated energy:  (-1.014935+0j)
Energy variance:  0.022571095775000004
1912
Estimated energy:  (-1.01535125+0j)
Energy variance:  0.022281214123437497
1913
Estimated energy:  (-1.014785+0j)
Energy variance:  0.022390303775
1914
Estimated energy:  (-1.01540375+0j)
Energy variance:  0.02244894948593751
1915
Estimated energy:  (-1.0161825+0j)
Energy variance:  0.022330376693750004
1916
Estimated energy:  (-1.01371375+0j)
Energy variance:  0.0221947080609375
1917
Estimated energy:  (-1.0145362500000001+0j)
Energy variance:  0.022660922435937505
1918
Estimated energy:  (-1.0148350000000002+0j)
Energy variance:  0.022538222775
1919
Estimated energy:  (-1.0148125000000001+0j)
Energy variance:  0.02254488984375
1920
Estimated energy:  (-1.0147762500000002+0j)
Energy variance:  0.022450937435937502
1921
Estimated energy:  (-1.0145525000000002+0j)
Energy variance:  0.022566624743750003
1922
Estimated energy:  (-1.014935+0j)
Energy variance:  0.022431595775000004
1923
Estimated energy:  (-1.0149525+0j)
Energy variance:  0.022300722743749998
1924
Estimated energy:  (-1.01472125+0j)
Energy variance:  0.022656859798437498
1925
Estimated energy:  (-1.01507125+0j)
Energy variance:  0.022468682423437504
1926
Estimated energy:  (-1.0142025+0j)
Energy variance:  0.02255793899375
1927
Estimated energy:  (-1.01503125+0j)
Energy variance:  0.022487286523437497
1928
Estimated energy:  (-1.01611+0j)
Energy variance:  0.0225611679
1929
Estimated energy:  (-1.01540375+0j)
Energy variance:  0.022863999485937498
1930
Estimated energy:  (-1.015355+0j)
Energy variance:  0.022619723975000002
1931
Estimated energy:  (-1.01513+0j)
Energy variance:  0.022599133100000002
1932
Estimated energy:  (-1.01562625+0j)
Energy variance:  0.022511045310937495
1933
Estimated energy:  (-1.0140275+0j)
Energy variance:  0.02249762924375
1934
Estimated energy:  (-1.0157975000000001+0j)
Energy variance:  0.02260503899375
1935
Estimated energy:  (-1.0148575+0j)
Energy variance:  0.022600254693750006
1936
Estimated energy:  (-1.0143575+0j)
Energy variance:  0.02235806219375
1937
Estimated energy:  (-1.01379875+0j)
Energy variance:  0.0225511694984375
1938
Estimated energy:  (-1.01439625+0j)
Energy variance:  0.022666772985937507
1939
Estimated energy:  (-1.0142825+0j)
Energy variance:  0.022323160193750007
1940
Estimated energy:  (-1.0156175+0j)
Energy variance:  0.02270669369375
1941
Estimated energy:  (-1.015475+0j)
Energy variance:  0.022846574375000005
1942
Estimated energy:  (-1.0150625+0j)
Energy variance:  0.022513121093749998
1943
Estimated energy:  (-1.01487+0j)
Energy variance:  0.0226427831
1944
Estimated energy:  (-1.01593125+0j)
Energy variance:  0.0224298702734375
1945
Estimated energy:  (-1.017495+0j)
Energy variance:  0.022545974974999997
1946
Estimated energy:  (-1.0144199999999999+0j)
Energy variance:  0.0226442636
1947
Estimated energy:  (-1.01441375+0j)
Energy variance:  0.0222485188109375
1948
Estimated energy:  (-1.0142625+0j)
Energy variance:  0.022480781093749996
1949
Estimated energy:  (-1.0139624999999999+0j)
Energy variance:  0.02289724859375
1950
Estimated energy:  (-1.015835+0j)
Energy variance:  0.022648552775
1951
Estimated energy:  (-1.015245+0j)
Energy variance:  0.022593089974999998
1952
Estimated energy:  (-1.01546+0j)
Energy variance:  0.022700788399999994
1953
Estimated energy:  (-1.01519125+0j)
Energy variance:  0.022358100923437502
1954
Estimated energy:  (-1.01545875+0j)
Energy variance:  0.022560802048437502
1955
Estimated energy:  (-1.014555+0j)
Energy variance:  0.022477601974999997
1956
Estimated energy:  (-1.015835+0j)
Energy variance:  0.022195102775
1957
Estimated energy:  (-1.01535625+0j)
Energy variance:  0.0224984105859375
1958
Estimated energy:  (-1.01523+0j)
Energy variance:  0.0225039971
1959
Estimated energy:  (-1.01512375+0j)
Energy variance:  0.0226076471859375
1960
Estimated energy:  (-1.01479+0j)
Energy variance:  0.0223784559
1961
Estimated energy:  (-1.015935+0j)
Energy variance:  0.022592725775
1962
Estimated energy:  (-1.01448375+0j)
Energy variance:  0.022482445985937502
1963
Estimated energy:  (-1.01476+0j)
Energy variance:  0.022380692400000003
1964
Estimated energy:  (-1.01507375+0j)
Energy variance:  0.0221089070609375
1965
Estimated energy:  (-1.01472375+0j)
Energy variance:  0.022423686185937507
1966
Estimated energy:  (-1.01415125+0j)
Energy variance:  0.022634917123437497
1967
Estimated energy:  (-1.01526625+0j)
Energy variance:  0.022354466610937505
1968
Estimated energy:  (-1.014855+0j)
Energy variance:  0.022541528975
1969
Estimated energy:  (-1.01415+0j)
Energy variance:  0.0224425775
1970
Estimated energy:  (-1.0158925+0j)
Energy variance:  0.022617028443750003
1971
Estimated energy:  (-1.01574125+0j)
Energy variance:  0.0224766880484375
1972
Estimated energy:  (-1.01437625+0j)
Energy variance:  0.022426598435937497
1973
Estimated energy:  (-1.015045+0j)
Energy variance:  0.022663947974999998
1974
Estimated energy:  (-1.01348875+0j)
Energy variance:  0.022206228623437498
1975
Estimated energy:  (-1.0147074999999999+0j)
Energy variance:  0.02251843944375
1976
Estimated energy:  (-1.01662625+0j)
Energy variance:  0.022647542810937504
1977
Estimated energy:  (-1.01504375+0j)
Energy variance:  0.0224861605859375
1978
Estimated energy:  (-1.0156075+0j)
Energy variance:  0.022734305943749998
1979
Estimated energy:  (-1.01425375+0j)
Energy variance:  0.022534955610937494
1980
Estimated energy:  (-1.014475+0j)
Energy variance:  0.022522674375
1981
Estimated energy:  (-1.01463+0j)
Energy variance:  0.022696963099999995
1982
Estimated energy:  (-1.01546875+0j)
Energy variance:  0.0223305427734375
1983
Estimated energy:  (-1.01522875+0j)
Energy variance:  0.022547160173437497
1984
Estimated energy:  (-1.0151975+0j)
Energy variance:  0.02241963599375
1985
Estimated energy:  (-1.0149675+0j)
Energy variance:  0.02251927394375
1986
Estimated energy:  (-1.0154112499999999+0j)
Energy variance:  0.022634268373437506
1987
Estimated energy:  (-1.0153825+0j)
Energy variance:  0.022753878693750004
1988
Estimated energy:  (-1.0141775+0j)
Energy variance:  0.022686148493749995
1989
Estimated energy:  (-1.0147525+0j)
Energy variance:  0.022523413743749998
1990
Estimated energy:  (-1.0143375000000001+0j)
Energy variance:  0.022284986093749997
1991
Estimated energy:  (-1.01485875+0j)
Energy variance:  0.022668842548437502
1992
Estimated energy:  (-1.01515125+0j)
Energy variance:  0.0223459646234375
1993
Estimated energy:  (-1.015315+0j)
Energy variance:  0.022558400775000004
1994
Estimated energy:  (-1.01460625+0j)
Energy variance:  0.022432682460937502
1995
Estimated energy:  (-1.0146075+0j)
Energy variance:  0.02244832094375
1996
Estimated energy:  (-1.01571125+0j)
Energy variance:  0.022540781623437506
1997
Estimated energy:  (-1.01680375+0j)
Energy variance:  0.022394708985937498
1998
Estimated energy:  (-1.015535+0j)
Energy variance:  0.022519963775
1999
Estimated energy:  (-1.01481875+0j)
Energy variance:  0.0223560796484375
2000
Estimated energy:  (-1.01603625+0j)
Energy variance:  0.022778563685937503
Cores: 48
1801
Estimated energy:  (-1.5002722501120556-1.1607666661344772e-06j)
Energy variance:  4.6266295197448333e-08
1802
Estimated energy:  (-1.5002718665185095-5.994728597419208e-07j)
Energy variance:  3.683459260584902e-08
1803
Estimated energy:  (-1.5002731548381008-4.966541544367361e-07j)
Energy variance:  3.5822144789839464e-08
1804
Estimated energy:  (-1.5002706779276513+6.40035293728127e-07j)
Energy variance:  3.742383688154803e-08
1805
Estimated energy:  (-1.500271931918407+9.7310741916025e-07j)
Energy variance:  3.7031940591943586e-08
1806
Estimated energy:  (-1.5002726132980224-9.959915996784378e-07j)
Energy variance:  3.585668154320787e-08
1807
Resetting
Estimated energy:  (-1.500271850071658+1.6133731678908667e-06j)
Energy variance:  4.8755953837344325e-08
1808
Estimated energy:  (-1.5002711414617569-3.924735128276263e-07j)
Energy variance:  3.904845921128641e-08
1809
Estimated energy:  (-1.5002702755618373+1.2547472005966097e-06j)
Energy variance:  4.6299575546386005e-08
1810
Estimated energy:  (-1.500272060036414+2.2804723571131548e-08j)
Energy variance:  3.3440248092620386e-08
1811
Estimated energy:  (-1.5002723308647177+2.771909159780076e-07j)
Energy variance:  3.411882005345991e-08
1812
Estimated energy:  (-1.5002710480791392-2.1717458475447259e-07j)
Energy variance:  3.7873506945394304e-08
1813
Estimated energy:  (-1.5002720066275845+6.080841141023148e-07j)
Energy variance:  4.333050928655454e-08
1814
Estimated energy:  (-1.500271655146255+1.4689695084278756e-07j)
Energy variance:  3.961438507088688e-08
1815
Estimated energy:  (-1.5002726390049108+1.2914747794406414e-07j)
Energy variance:  3.5760073366269193e-08
1816
Estimated energy:  (-1.500272023191977+4.2375088886111595e-08j)
Energy variance:  3.239385364801457e-08
1817
Estimated energy:  (-1.5002713947928226-6.680079204932264e-07j)
Energy variance:  3.797810854590176e-08
1818
Estimated energy:  (-1.5002711731882494+3.0200245397286073e-07j)
Energy variance:  3.4896436892866407e-08
1819
Estimated energy:  (-1.5002717252763689+8.01225175200101e-07j)
Energy variance:  3.400137556974344e-08
1820
Resetting
Estimated energy:  (-1.5002709695363114+3.302446640774475e-07j)
Energy variance:  4.7262044677840985e-08
1821
Estimated energy:  (-1.5002721361600595+3.4459643631474695e-07j)
Energy variance:  3.753690159341213e-08
1822
Estimated energy:  (-1.5002722887690016-7.235635623829331e-07j)
Energy variance:  3.6385694158184926e-08
1823
Estimated energy:  (-1.5002733935376824+1.1348734128768068e-07j)
Energy variance:  3.242486763659515e-08
1824
Estimated energy:  (-1.5002713453733914-3.968342540180772e-07j)
Energy variance:  3.453004798853399e-08
1825
Estimated energy:  (-1.5002720556783937-1.684708337489009e-08j)
Energy variance:  3.3021685876966435e-08
1826
Estimated energy:  (-1.500272954405526-3.4402908965819703e-07j)
Energy variance:  3.4393066413604114e-08
1827
Estimated energy:  (-1.50027196202628+7.559098744441491e-07j)
Energy variance:  3.846880440663264e-08
1828
Estimated energy:  (-1.5002717986203713+6.206837202633404e-08j)
Energy variance:  3.3116336898714826e-08
1829
Estimated energy:  (-1.5002716706564423-1.0876838131819707e-06j)
Energy variance:  3.4235243013476833e-08
1830
Estimated energy:  (-1.5002721483905321+6.387350814337043e-08j)
Energy variance:  3.8073111346090236e-08
1831
Estimated energy:  (-1.5002713034150168+4.181704538138845e-07j)
Energy variance:  3.806875261977561e-08
1832
Estimated energy:  (-1.5002712382048662+8.33707543896438e-07j)
Energy variance:  3.3836352493387764e-08
1833
Estimated energy:  (-1.500271625416135-4.896021170664916e-07j)
Energy variance:  3.4957549589765125e-08
1834
Estimated energy:  (-1.5002711475555586-6.302478171982593e-07j)
Energy variance:  3.4728674835228856e-08
1835
Estimated energy:  (-1.500272798988002-3.8792927735858804e-07j)
Energy variance:  3.447321803329437e-08
1836
Estimated energy:  (-1.500272460483636+4.1824474698749984e-07j)
Energy variance:  3.6244948439818656e-08
1837
Estimated energy:  (-1.500272376078924-1.0299440319133251e-07j)
Energy variance:  3.4422265395754185e-08
1838
Estimated energy:  (-1.5002709456014804+6.343965150961782e-07j)
Energy variance:  3.8358655926733624e-08
1839
Estimated energy:  (-1.5002734891352956+1.5941516879165793e-07j)
Energy variance:  3.423153283162063e-08
1840
Estimated energy:  (-1.5002706048660022-6.220730005590729e-07j)
Energy variance:  3.802702002153223e-08
1841
Estimated energy:  (-1.500270655272691+9.714530758696022e-07j)
Energy variance:  3.3512503086823955e-08
1842
Estimated energy:  (-1.500270988700123+6.137118222713538e-07j)
Energy variance:  3.618815667286726e-08
1843
Estimated energy:  (-1.5002707931503279-6.774736461269497e-08j)
Energy variance:  3.568353324968916e-08
1844
Estimated energy:  (-1.5002719596420164-4.218502755769382e-07j)
Energy variance:  3.851580630651964e-08
1845
Estimated energy:  (-1.5002718364218337+4.5460219754647854e-07j)
Energy variance:  3.632605198300681e-08
1846
Estimated energy:  (-1.5002708911425189-9.671306960391675e-09j)
Energy variance:  3.5539764748540204e-08
1847
Estimated energy:  (-1.5002711729681215+5.31076076572889e-07j)
Energy variance:  4.468356710948926e-08
1848
Estimated energy:  (-1.5002713228945599-2.0544717741035613e-07j)
Energy variance:  3.419035954845233e-08
1849
Estimated energy:  (-1.5002718697051256-8.802192664436766e-07j)
Energy variance:  3.366845827749333e-08
1850
Estimated energy:  (-1.5002718366329646+1.0638458352408933e-07j)
Energy variance:  3.316333548256347e-08
1851
Estimated energy:  (-1.5002724037783004+4.964317334427581e-07j)
Energy variance:  3.428974287899985e-08
1852
Estimated energy:  (-1.5002730037428087-5.317970464099447e-07j)
Energy variance:  3.8099207059502164e-08
1853
Estimated energy:  (-1.5002731982885584-1.1388516909491729e-07j)
Energy variance:  3.419877318596457e-08
1854
Estimated energy:  (-1.50027172809484+9.264153057042445e-07j)
Energy variance:  3.631063001307569e-08
1855
Estimated energy:  (-1.500271030079587-3.021694761410604e-07j)
Energy variance:  3.482129378462926e-08
1856
Resetting
Estimated energy:  (-1.5002704529040451-8.890444360102494e-08j)
Energy variance:  4.34420126877512e-08
1857
Estimated energy:  (-1.500271193259969-1.07887804469709e-06j)
Energy variance:  3.681473101869338e-08
1858
Estimated energy:  (-1.5002728317125802+4.69205564927556e-08j)
Energy variance:  3.629449723275655e-08
1859
Estimated energy:  (-1.5002721609475296-7.083568742302364e-07j)
Energy variance:  4.010151760780525e-08
1860
Estimated energy:  (-1.5002716580385647+5.4499968409778295e-08j)
Energy variance:  3.3691122848119234e-08
1861
Resetting
Estimated energy:  (-1.500270472204159+2.686734647320314e-07j)
Energy variance:  7.454787518662826e-08
1862
Estimated energy:  (-1.5002727894071433-3.60626458311409e-07j)
Energy variance:  4.174849781963224e-08
1863
Estimated energy:  (-1.5002718287414445+2.3088784362240644e-07j)
Energy variance:  5.204683490211871e-08
1864
Estimated energy:  (-1.5002712461455467-5.706874252158306e-07j)
Energy variance:  3.3829324533670966e-08
1865
Estimated energy:  (-1.5002709983125666-3.568696483744804e-07j)
Energy variance:  3.635237928743832e-08
1866
Estimated energy:  (-1.5002719607019972-4.786245998598291e-07j)
Energy variance:  3.3851368099652064e-08
1867
Estimated energy:  (-1.5002729366064864+3.992248330402112e-07j)
Energy variance:  4.238862240593295e-08
1868
Estimated energy:  (-1.5002728485071763-1.7513083502442573e-08j)
Energy variance:  3.4505402163835104e-08
1869
Estimated energy:  (-1.5002727853778524-1.2250378994950757e-07j)
Energy variance:  3.546927974084772e-08
1870
Estimated energy:  (-1.5002705803454344-4.377463605601562e-08j)
Energy variance:  3.3566719267207454e-08
1871
Estimated energy:  (-1.500271459306664-3.1763596303132227e-07j)
Energy variance:  4.1283731071945984e-08
1872
Estimated energy:  (-1.5002716863855077+1.4838154852953523e-07j)
Energy variance:  3.540762444325756e-08
1873
Resetting
Estimated energy:  (-1.5002720768727662-4.40648012948963e-07j)
Energy variance:  8.576702737994307e-08
1874
Estimated energy:  (-1.5002708861824463+8.53573035848663e-07j)
Energy variance:  4.9110604819110514e-08
1875
Estimated energy:  (-1.5002728428106193-3.3329093357018736e-07j)
Energy variance:  3.985668366818027e-08
1876
Estimated energy:  (-1.5002713062269888-1.2635772550075147e-09j)
Energy variance:  3.715892235781398e-08
1877
Estimated energy:  (-1.5002706717215717+1.2257563068798308e-08j)
Energy variance:  3.8020155699483373e-08
1878
Estimated energy:  (-1.5002729551513727+2.9863853016140657e-07j)
Energy variance:  3.985250494844698e-08
1879
Estimated energy:  (-1.5002719625649052-1.7684362638776005e-07j)
Energy variance:  3.715168227765087e-08
1880
Estimated energy:  (-1.5002733827237678-1.3836892519451273e-07j)
Energy variance:  3.333174186274209e-08
1881
Estimated energy:  (-1.5002715165367682-2.647095311122291e-07j)
Energy variance:  3.240491460204451e-08
1882
Estimated energy:  (-1.5002719470682992+5.253314569588298e-07j)
Energy variance:  3.656402792461743e-08
1883
Estimated energy:  (-1.5002721057150077-2.0001991936905489e-07j)
Energy variance:  3.7045687869519914e-08
1884
Estimated energy:  (-1.5002716155913833+6.185050924414435e-07j)
Energy variance:  3.5076745045959636e-08
1885
Estimated energy:  (-1.5002707195096145+1.1407939517842637e-06j)
Energy variance:  4.001637464553953e-08
1886
Estimated energy:  (-1.5002727044392705-1.114146901965342e-06j)
Energy variance:  3.420511780684682e-08
1887
Estimated energy:  (-1.5002728759211585+1.1033052761564167e-07j)
Energy variance:  3.600282388011761e-08
1888
Resetting
Estimated energy:  (-1.5002718490606137+5.533869251206892e-07j)
Energy variance:  6.120402426680719e-08
1889
Estimated energy:  (-1.500272814616447+5.675291720394206e-07j)
Energy variance:  3.4472097325838196e-08
1890
Estimated energy:  (-1.5002717473129443+7.140898630243407e-07j)
Energy variance:  3.8587294222939304e-08
1891
Estimated energy:  (-1.5002723644027252+2.2464498696403926e-07j)
Energy variance:  3.455922067881531e-08
1892
Resetting
Estimated energy:  (-1.5002703973747828+2.612574101491493e-07j)
Energy variance:  7.274123038548017e-08
1893
Estimated energy:  (-1.5002711814523404+2.5598884401672185e-08j)
Energy variance:  3.6689294120441765e-08
1894
Resetting
Estimated energy:  (-1.500271541161483+6.978770630683521e-07j)
Energy variance:  4.868329851023793e-08
1895
Estimated energy:  (-1.5002719479592466+3.6375148322434154e-07j)
Energy variance:  3.478352725129273e-08
1896
Resetting
Estimated energy:  (-1.5002692309597163-4.014264936181073e-07j)
Energy variance:  2.1200618470996597e-07
1897
Resetting
Estimated energy:  (-1.5002696282737216+1.0202801646426627e-07j)
Energy variance:  5.659287134685391e-08
1898
Estimated energy:  (-1.5002714656369798-9.466341085018188e-07j)
Energy variance:  3.475135137138348e-08
1899
Estimated energy:  (-1.5002712647086378+7.017597050605667e-07j)
Energy variance:  3.432618752312511e-08
1900
Estimated energy:  (-1.500270926566274+7.524606319530799e-07j)
Energy variance:  3.55907598491789e-08
1901
Estimated energy:  (-1.5002712374701994-4.964005543136011e-07j)
Energy variance:  3.425922715913828e-08
1902
Estimated energy:  (-1.5002718897832825-7.294444349804919e-07j)
Energy variance:  3.3673667786753455e-08
1903
Resetting
Estimated energy:  (-1.5002705080103602+7.834988515435186e-07j)
Energy variance:  5.235764910452323e-08
1904
Estimated energy:  (-1.5002723691836242-2.345965790866908e-07j)
Energy variance:  4.007261562139539e-08
1905
Estimated energy:  (-1.5002728652793604+3.8512156012359046e-07j)
Energy variance:  3.4626173416295724e-08
1906
Estimated energy:  (-1.5002721729946031+1.0721352882156336e-06j)
Energy variance:  4.104987265498637e-08
1907
Estimated energy:  (-1.5002728234101654-3.4058489714827944e-07j)
Energy variance:  3.5446071748984005e-08
1908
Resetting
Estimated energy:  (-1.500271128096073+3.672546744788387e-07j)
Energy variance:  4.410665185623069e-08
1909
Estimated energy:  (-1.500271404997424+1.0244340172262793e-06j)
Energy variance:  3.940451289764962e-08
1910
Resetting
Estimated energy:  (-1.500269723766546+2.5176204015654097e-07j)
Energy variance:  6.344089338462314e-08
1911
Estimated energy:  (-1.5002709378903956-8.00682880296691e-07j)
Energy variance:  3.326192166988541e-08
1912
Estimated energy:  (-1.5002718854461627-1.9487910576187005e-07j)
Energy variance:  3.593098428707736e-08
1913
Estimated energy:  (-1.5002718313758647-5.726709677062035e-07j)
Energy variance:  3.49346334798007e-08
1914
Resetting
Estimated energy:  (-1.5002710572612472+1.4854635585949807e-07j)
Energy variance:  9.296352703854764e-08
1915
Estimated energy:  (-1.5002720676843708+5.573887677417141e-10j)
Energy variance:  3.8365295251397424e-08
1916
Estimated energy:  (-1.5002723479306566+6.914270505144421e-07j)
Energy variance:  4.495872319664417e-08
1917
Estimated energy:  (-1.500271833133522-3.2839279190951025e-08j)
Energy variance:  4.304235937426969e-08
1918
Estimated energy:  (-1.500272043236902+8.082046546091218e-08j)
Energy variance:  4.0771134246162715e-08
1919
Estimated energy:  (-1.500271852004691-5.459786398952285e-07j)
Energy variance:  3.313767137508188e-08
1920
Estimated energy:  (-1.5002711729673806-5.507654337351868e-07j)
Energy variance:  3.412363283915958e-08
1921
Estimated energy:  (-1.5002717901030465-6.531063017606588e-07j)
Energy variance:  3.339820441069031e-08
1922
Estimated energy:  (-1.5002719299189835+4.731730558004604e-07j)
Energy variance:  3.7298711364515334e-08
1923
Estimated energy:  (-1.500270994050507-1.0873105943563795e-07j)
Energy variance:  3.685560572378169e-08
1924
Estimated energy:  (-1.500271919701657+1.1525234851930763e-07j)
Energy variance:  3.7475907630810586e-08
1925
Resetting
Estimated energy:  (-1.5002704492515517+1.0179710854478059e-06j)
Energy variance:  6.08238726485406e-08
1926
Estimated energy:  (-1.500271399246628-5.895959503042133e-07j)
Energy variance:  4.324835338016177e-08
1927
Estimated energy:  (-1.5002720672430536-2.679594156743069e-07j)
Energy variance:  3.391411187945126e-08
1928
Estimated energy:  (-1.5002716038913722+8.760502184358528e-07j)
Energy variance:  3.6685761793112095e-08
1929
Estimated energy:  (-1.5002721802035226-3.065489542468743e-07j)
Energy variance:  3.495371272087161e-08
1930
Resetting
Estimated energy:  (-1.5002717260702456+5.619455654488496e-07j)
Energy variance:  5.32751460637149e-08
1931
Estimated energy:  (-1.5002728434424049+1.4741482585564108e-07j)
Energy variance:  3.3238039758158815e-08
1932
Estimated energy:  (-1.5002721569405923-6.403381355234713e-07j)
Energy variance:  3.243751716653024e-08
1933
Estimated energy:  (-1.5002720958618185-2.464326681017368e-08j)
Energy variance:  3.9128002469498423e-08
1934
Estimated energy:  (-1.500271320527984+3.1279966998341246e-07j)
Energy variance:  3.3183591775932366e-08
1935
Estimated energy:  (-1.500271169465577+2.9738293996637613e-07j)
Energy variance:  3.376932389182698e-08
1936
Estimated energy:  (-1.500272837356723-8.644038636530049e-07j)
Energy variance:  3.398526179965001e-08
1937
Estimated energy:  (-1.5002709367034646+4.23152146138433e-07j)
Energy variance:  4.574774108001982e-08
1938
Estimated energy:  (-1.5002731023729845-1.0682084759992633e-07j)
Energy variance:  3.460437239952594e-08
1939
Estimated energy:  (-1.5002716536306115+3.5395999806301017e-07j)
Energy variance:  3.4281340952170604e-08
1940
Estimated energy:  (-1.5002711998328482-2.2007679162096033e-07j)
Energy variance:  3.945465652086069e-08
1941
Estimated energy:  (-1.5002715198649677-6.441759065129976e-07j)
Energy variance:  3.3139010355184976e-08
1942
Estimated energy:  (-1.5002708553010862+5.791814645191499e-08j)
Energy variance:  3.782518421222318e-08
1943
Estimated energy:  (-1.5002727318212385+1.6477373762949154e-08j)
Energy variance:  3.407100496784671e-08
1944
Estimated energy:  (-1.5002724748417413-3.78532471615431e-07j)
Energy variance:  3.3287991741188644e-08
1945
Estimated energy:  (-1.5002713476101204+1.7952056252461204e-07j)
Energy variance:  3.250872038382675e-08
1946
Estimated energy:  (-1.500271077421045-2.2155229796809644e-07j)
Energy variance:  4.12076424043772e-08
1947
Estimated energy:  (-1.5002718095826122-1.0941709066662003e-06j)
Energy variance:  3.388739094289057e-08
1948
Estimated energy:  (-1.5002712153919586-4.1727486614097715e-07j)
Energy variance:  3.2531349411354474e-08
1949
Estimated energy:  (-1.5002721136294639+2.771292781292946e-07j)
Energy variance:  3.4819396081886853e-08
1950
Estimated energy:  (-1.5002718960416501+2.69327225705398e-07j)
Energy variance:  3.4605655917740404e-08
1951
Estimated energy:  (-1.5002713524392675+1.8491377890487344e-07j)
Energy variance:  3.512144980107066e-08
1952
Estimated energy:  (-1.5002715039523538-1.984516292342553e-07j)
Energy variance:  3.501153722760804e-08
1953
Estimated energy:  (-1.500271176797308+1.447972868529759e-07j)
Energy variance:  3.651364252173524e-08
1954
Estimated energy:  (-1.5002712603969925+1.5300554386858717e-06j)
Energy variance:  3.699850320897971e-08
1955
Estimated energy:  (-1.5002721866814803-4.2148020714744514e-07j)
Energy variance:  3.520284391833175e-08
1956
Estimated energy:  (-1.5002714997405822-5.207982103281171e-08j)
Energy variance:  3.6597414969793836e-08
1957
Estimated energy:  (-1.5002705779558017+8.471221167620452e-08j)
Energy variance:  3.332335776986913e-08
1958
Estimated energy:  (-1.5002720719171367-5.756445029656311e-07j)
Energy variance:  3.4121113977925006e-08
1959
Estimated energy:  (-1.5002715273813143-7.350946179177602e-07j)
Energy variance:  3.546598298895201e-08
1960
Estimated energy:  (-1.5002712369643243-3.104081556758967e-07j)
Energy variance:  3.836642353947373e-08
1961
Estimated energy:  (-1.5002722157203607+5.677655050689563e-07j)
Energy variance:  3.408222826652813e-08
1962
Estimated energy:  (-1.500271677351367-1.7113888527418297e-08j)
Energy variance:  3.4976022769282796e-08
1963
Estimated energy:  (-1.5002721561364913+7.683160090338539e-07j)
Energy variance:  3.7317442902609497e-08
1964
Estimated energy:  (-1.5002724438982435+6.33562219789622e-07j)
Energy variance:  3.7463864745313204e-08
1965
Estimated energy:  (-1.5002717511589287-5.631973621578321e-07j)
Energy variance:  3.367888932284288e-08
1966
Estimated energy:  (-1.5002708869162447-3.2048470601643705e-08j)
Energy variance:  3.536329197534945e-08
1967
Estimated energy:  (-1.5002725590984398-7.565690869264999e-07j)
Energy variance:  3.402915623081758e-08
1968
Estimated energy:  (-1.5002694892085204+7.657268082790006e-08j)
Energy variance:  3.363720926989082e-08
1969
Resetting
Estimated energy:  (-1.50027189517131-7.484630991368738e-07j)
Energy variance:  4.607475834453261e-08
1970
Estimated energy:  (-1.5002716984873294-4.419502899341003e-07j)
Energy variance:  3.8123909596259935e-08
1971
Estimated energy:  (-1.5002710536726118-1.8497920501662057e-07j)
Energy variance:  3.316924932481293e-08
1972
Estimated energy:  (-1.5002723328391887+1.186426246024773e-06j)
Energy variance:  3.419263320103046e-08
1973
Estimated energy:  (-1.500272171063043+4.922001467730013e-07j)
Energy variance:  4.1052845324296805e-08
1974
Resetting
Estimated energy:  (-1.50027047956228+6.356758634644244e-07j)
Energy variance:  6.120842013861927e-08
1975
Estimated energy:  (-1.5002713023445906+3.963159524147067e-07j)
Energy variance:  5.427574929485725e-08
1976
Estimated energy:  (-1.500271295865872+9.154932482764707e-07j)
Energy variance:  3.5393763387127203e-08
1977
Estimated energy:  (-1.5002709147177502-4.390186584649146e-07j)
Energy variance:  4.456474901945235e-08
1978
Estimated energy:  (-1.5002709919273352-3.7306499045369083e-08j)
Energy variance:  4.047250204168737e-08
1979
Estimated energy:  (-1.500272152317444+2.6890683375688507e-08j)
Energy variance:  4.624482244544641e-08
1980
Estimated energy:  (-1.5002725965508705+1.9790575895355692e-07j)
Energy variance:  4.0481912554011306e-08
1981
Estimated energy:  (-1.5002728650334811-7.29207587344774e-07j)
Energy variance:  3.365531917696683e-08
1982
Estimated energy:  (-1.5002717296583439-1.7446219989851455e-07j)
Energy variance:  3.3398542723205095e-08
1983
Estimated energy:  (-1.5002709726465+2.990672152178378e-07j)
Energy variance:  3.881592304560237e-08
1984
Estimated energy:  (-1.5002715020946746+7.346932701551975e-07j)
Energy variance:  4.105498972385783e-08
1985
Estimated energy:  (-1.5002716234468099+1.8997062142823688e-07j)
Energy variance:  3.641082568997127e-08
1986
Estimated energy:  (-1.5002729991469475+5.568543542714897e-07j)
Energy variance:  3.493212024464215e-08
1987
Estimated energy:  (-1.5002719423968673-5.395307795386964e-08j)
Energy variance:  3.869453581690216e-08
1988
Estimated energy:  (-1.5002719721916327-6.031053000556463e-07j)
Energy variance:  3.500924752765863e-08
1989
Estimated energy:  (-1.5002716299491687+5.0810529319263906e-08j)
Energy variance:  3.4632889215421433e-08
1990
Estimated energy:  (-1.500271821386987+2.958427143374084e-07j)
Energy variance:  3.3875822683726935e-08
1991
Estimated energy:  (-1.5002734315917046-4.321153857874989e-07j)
Energy variance:  3.5519178526379016e-08
1992
Estimated energy:  (-1.5002706569373891-1.1325940646179927e-06j)
Energy variance:  3.181902989203578e-08
1993
Estimated energy:  (-1.500272680748754-2.8139448010534226e-07j)
Energy variance:  3.349860144807291e-08
1994
Estimated energy:  (-1.5002713604545879-4.304200804577335e-07j)
Energy variance:  3.661211648410245e-08
1995
Resetting
Estimated energy:  (-1.5002701214911704+6.379575735219657e-08j)
Energy variance:  4.6832250938285884e-08
1996
Estimated energy:  (-1.5002721201314253-3.835741239925671e-07j)
Energy variance:  3.261336674175163e-08
1997
Estimated energy:  (-1.5002721503194263+7.938705452257955e-07j)
Energy variance:  3.857984350846271e-08
1998
Estimated energy:  (-1.500271787838782-1.3347870098232737e-07j)
Energy variance:  3.3282239459873914e-08
1999
Estimated energy:  (-1.500272041232958+6.878839318671388e-08j)
Energy variance:  3.6310124474842705e-08
2000
Estimated energy:  (-1.5002710554600511+6.382651708608887e-07j)
Energy variance:  3.57128351588951e-08
Cores: 48
0
Estimated energy:  (-1.500272192088828-1.2653019945420977e-06j)
1
Estimated energy:  (-1.5002714496407614+2.7972595994399777e-07j)
2
Estimated energy:  (-1.5002707266105837-9.316441430066441e-08j)
3
Estimated energy:  (-1.5002715315568447-2.600239192810441e-07j)
4
Estimated energy:  (-1.500272788753864+4.145995340462131e-07j)
5
Estimated energy:  (-1.5002714652946105-3.9422382429030444e-07j)
6
Estimated energy:  (-1.5002713573708977+5.680780493095658e-07j)
7
Estimated energy:  (-1.5002727459960559+9.034069283132631e-07j)
8
Estimated energy:  (-1.500271824094877-3.3252196242776184e-07j)
9
Estimated energy:  (-1.5002726300561657+3.965912962269431e-08j)
10
Estimated energy:  (-1.5002710770697198+1.0615363430370922e-08j)
11
Estimated energy:  (-1.5002716747346987-2.7057066583606366e-07j)
12
Estimated energy:  (-1.5002717947148596+6.119433186787024e-07j)
13
Estimated energy:  (-1.5002719695620954+8.615012275184272e-08j)
14
Estimated energy:  (-1.5002714877507246+5.587078850483704e-07j)
15
Estimated energy:  (-1.5002716572954315+5.730199412260264e-07j)
16
Estimated energy:  (-1.5002724355396277+9.443392403968553e-08j)
17
Estimated energy:  (-1.500271685977628+2.6606718309445386e-07j)
18
Estimated energy:  (-1.500271462743538+3.7172334914170747e-07j)
19
Estimated energy:  (-1.500272250148133-1.6520492321175275e-07j)
20
Estimated energy:  (-1.5002713352435177+9.704814177374048e-07j)
21
Estimated energy:  (-1.5002707810924094-9.2356616079127e-08j)
22
Estimated energy:  (-1.5002728925108388+4.023163501706961e-07j)
23
Estimated energy:  (-1.5002713849515923-7.926570170786977e-07j)
24
Estimated energy:  (-1.500271232777585+3.7261655950992376e-07j)
25
Estimated energy:  (-1.5002720686489535+4.6424085727736477e-07j)
26
Estimated energy:  (-1.500271017319688-2.799928702703766e-07j)
27
Estimated energy:  (-1.5002722848564127-5.746904991098928e-09j)
28
Estimated energy:  (-1.5002712049500566-6.619525780767144e-07j)
29
Estimated energy:  (-1.5002717110974706-1.282505540373022e-06j)
30
Estimated energy:  (-1.5002724986609557-6.070345292797819e-07j)
31
Estimated energy:  (-1.5002693301867036+5.263897406870602e-07j)
32
Estimated energy:  (-1.5002711985367727-4.787733364598497e-07j)
33
Estimated energy:  (-1.5002710207966328+6.113645157078577e-07j)
34
Estimated energy:  (-1.5002710040055487+6.14574904558198e-07j)
35
Estimated energy:  (-1.5002712936141214+6.059633248285286e-07j)
36
Estimated energy:  (-1.5002710834765853+5.440511125699282e-08j)
37
Estimated energy:  (-1.5002711267830011+5.727907513930243e-07j)
38
Estimated energy:  (-1.5002724703721568+1.1058628191829652e-06j)
39
Estimated energy:  (-1.5002717613053427-1.2043086195352735e-06j)
40
Estimated energy:  (-1.500270529557262+2.447481794564756e-07j)
41
Estimated energy:  (-1.5002718085469535+6.230493734026201e-07j)
42
Estimated energy:  (-1.5002716085083+1.7154052887252055e-06j)
43
Estimated energy:  (-1.500271283138116-2.539602574482516e-07j)
44
Estimated energy:  (-1.5002706125992118-3.3837938326440766e-07j)
45
Estimated energy:  (-1.5002716576452833+3.463737148215082e-07j)
46
Estimated energy:  (-1.5002714250444444+2.3055267432309357e-07j)
47
Estimated energy:  (-1.5002712243762155-7.276937990694604e-07j)
48
Estimated energy:  (-1.500271017089874-4.405488127859367e-07j)
49
Estimated energy:  (-1.5002712984632418-1.6991154473286027e-07j)
50
Estimated energy:  (-1.5002730440233674+6.141540303477728e-08j)
51
Estimated energy:  (-1.5002710996382147-1.1050309016719986e-07j)
52
Estimated energy:  (-1.5002717733641842+3.00503647311046e-08j)
53
Estimated energy:  (-1.5002705533335152+4.658090506165872e-07j)
54
Estimated energy:  (-1.5002729483540853-1.221530348189325e-07j)
55
Estimated energy:  (-1.5002723118630616-2.3490894084252143e-07j)
56
Estimated energy:  (-1.5002714645787976+2.3865739900510286e-08j)
57
Estimated energy:  (-1.5002709163255024+1.3575015588887585e-06j)
58
Estimated energy:  (-1.5002723915796636-1.1799449813362457e-07j)
59
Estimated energy:  (-1.50027273976016+1.2688576947167575e-06j)
60
Estimated energy:  (-1.5002712237716396+2.1982605427446196e-08j)
61
Estimated energy:  (-1.50027147987263+2.0424164841166678e-07j)
62
Estimated energy:  (-1.5002719544945808+1.420823405571113e-07j)
63
Estimated energy:  (-1.500270823388681+4.108316870099229e-07j)
64
Estimated energy:  (-1.5002720240385252+4.2805062600592904e-07j)
65
Estimated energy:  (-1.5002732187060537-4.580462567251099e-08j)
66
Estimated energy:  (-1.500272315910084+2.7840025459671256e-07j)
67
Estimated energy:  (-1.5002716665696005-2.4978356849642576e-07j)
68
Estimated energy:  (-1.5002714947597537-6.66868223279204e-07j)
69
Estimated energy:  (-1.5002710681546165+8.819643360178261e-07j)
70
Estimated energy:  (-1.5002721087799635+5.22571445665519e-07j)
71
Estimated energy:  (-1.5002720006563044-2.661643220788406e-07j)
72
Estimated energy:  (-1.5002738993870088+4.805583841159579e-07j)
73
Estimated energy:  (-1.5002717065932651-3.7309045106671794e-07j)
74
Estimated energy:  (-1.5002719886714782-1.4264057328436786e-07j)
75
Estimated energy:  (-1.5002721074851826-1.2921448097542645e-06j)
76
Estimated energy:  (-1.5002704913371951+7.636107625070901e-07j)
77
Estimated energy:  (-1.5002722529541879-4.4527300238628895e-07j)
78
Estimated energy:  (-1.5002712588667233-7.855918348416059e-07j)
79
Estimated energy:  (-1.5002715294876903-3.992110656148865e-07j)
80
Estimated energy:  (-1.5002718260504-8.889998077159133e-07j)
81
Estimated energy:  (-1.5002719331013143+9.7825055675643e-07j)
82
Estimated energy:  (-1.5002722942313966+2.3088106418819604e-07j)
83
Estimated energy:  (-1.5002725765214964+6.764291487441156e-07j)
84
Estimated energy:  (-1.5002716566765653-6.078694216820419e-08j)
85
Estimated energy:  (-1.5002730304069272-4.697479420072311e-09j)
86
Estimated energy:  (-1.5002712233259103+9.344752157379448e-07j)
87
Estimated energy:  (-1.5002713957082987-4.231887671786946e-07j)
88
Estimated energy:  (-1.5002704958176525+4.478436410214747e-08j)
89
Estimated energy:  (-1.5002721857220949-4.4469036130894196e-08j)
90
Estimated energy:  (-1.500271720953672-1.0582576458364381e-06j)
91
Estimated energy:  (-1.5002712136756622+2.816707720178036e-07j)
92
Estimated energy:  (-1.5002714591549589+2.720085600554319e-07j)
93
Estimated energy:  (-1.500270571478881+5.568085002008824e-07j)
94
Estimated energy:  (-1.5002720072330857-2.629650833279221e-07j)
95
Estimated energy:  (-1.5002719461578118+6.902043323109869e-07j)
96
Estimated energy:  (-1.5002711945754916+6.613940355071347e-07j)
97
Estimated energy:  (-1.5002724058778334-3.084449929401794e-07j)
98
Estimated energy:  (-1.5002725565895705+1.9347016799129454e-07j)
99
Estimated energy:  (-1.5002707732003842+3.5009564588722585e-07j)
100
Estimated energy:  (-1.5002712770812858-1.733567427607959e-07j)
0
Estimated energy:  (-1.5002685383768555-6.520129418697997e-08j)
1
Estimated energy:  (-1.5002665351290716+1.2460965202789825e-06j)
2
Estimated energy:  (-1.5002655390549102+3.678395103635401e-07j)
3
Estimated energy:  (-1.5002644030366405-6.107438541508558e-07j)
4
Estimated energy:  (-1.5002656870739648+8.779616384279374e-07j)
5
Estimated energy:  (-1.5002703099287351-7.740678334948438e-09j)
6
Estimated energy:  (-1.5002696865543135-7.407749110206774e-07j)
7
Estimated energy:  (-1.5002684036896832+6.982745317735489e-07j)
8
Estimated energy:  (-1.5002663356475519+7.442295234980453e-07j)
9
Estimated energy:  (-1.5002642051280826+1.1451704754243965e-06j)
10
Estimated energy:  (-1.5002628958263033+1.1237576987440528e-06j)
11
Estimated energy:  (-1.5002629026951895-2.2702765330921123e-07j)
12
Estimated energy:  (-1.5002651051548228+1.2046834958171971e-07j)
13
Estimated energy:  (-1.5002610890443095+2.763849632864243e-07j)
14
Estimated energy:  (-1.5002708731431114-2.015100329347144e-06j)
15
Estimated energy:  (-1.5002633260608855-3.1111599937524575e-07j)
16
Estimated energy:  (-1.5002697123333113-9.806164557928443e-08j)
17
Estimated energy:  (-1.5002645623486055-1.3233466015296392e-06j)
18
Estimated energy:  (-1.5002611154950884+3.162148007282471e-07j)
19
Estimated energy:  (-1.5002661896928637-2.4368709226240334e-06j)
20
Estimated energy:  (-1.5002618655335753+1.212750916267133e-07j)
21
Estimated energy:  (-1.5002645312161342-2.4521666945692414e-06j)
22
Estimated energy:  (-1.5002649592860393+1.0820419936380595e-06j)
23
Estimated energy:  (-1.5002673918615173-3.8166595338671897e-07j)
24
Estimated energy:  (-1.5002649533988328+7.564453124068663e-07j)
25
Estimated energy:  (-1.5002741282324674-7.130779510532249e-07j)
26
Estimated energy:  (-1.5002675254592401+3.028245246435944e-07j)
27
Estimated energy:  (-1.5002684841793579+4.1940738079840616e-07j)
28
Estimated energy:  (-1.500269730329562-1.0545020862360907e-06j)
29
Estimated energy:  (-1.5002709189107755-6.965064918443178e-07j)
30
Estimated energy:  (-1.5002637122033704-1.7525705213262217e-06j)
31
Estimated energy:  (-1.5002626084376496+1.1442094574890408e-07j)
32
Estimated energy:  (-1.500271239386069+1.923189278363818e-07j)
33
Estimated energy:  (-1.500268883644333-7.74632377003864e-07j)
34
Estimated energy:  (-1.5002621556845508+5.679434710848349e-07j)
35
Estimated energy:  (-1.5002710088443467-9.855623067667022e-07j)
36
Estimated energy:  (-1.500267461580823-1.0293029593531586e-06j)
37
Estimated energy:  (-1.5002690648093626+1.0622201212569707e-06j)
38
Estimated energy:  (-1.5002649935051071-3.9503591164034056e-07j)
39
Estimated energy:  (-1.5002612683165542-2.42487161639425e-06j)
40
Estimated energy:  (-1.5002694278578972-9.484130395487243e-07j)
41
Estimated energy:  (-1.5002665568630251-1.895170295616494e-06j)
42
Estimated energy:  (-1.5002638747191563+1.0975026461222543e-06j)
43
Estimated energy:  (-1.500259596701519+4.139293046728678e-08j)
44
Estimated energy:  (-1.5002690547766722+3.103413867930948e-07j)
45
Estimated energy:  (-1.5002729758652782-1.3262321506676511e-06j)
46
Estimated energy:  (-1.500260919660781+1.0647810878837781e-06j)
47
Estimated energy:  (-1.5002667550209017+9.911248997106654e-07j)
48
Estimated energy:  (-1.5002665815846543-5.049168045479682e-07j)
49
Estimated energy:  (-1.5002668365660068-6.618634358439335e-07j)
50
Estimated energy:  (-1.5002693824535802-2.2755449492927584e-07j)
51
Estimated energy:  (-1.5002685116471497+9.243668502861588e-07j)
52
Estimated energy:  (-1.500266671403554+1.7241599051333373e-06j)
53
Estimated energy:  (-1.5002604417565666+2.628287154248316e-07j)
54
Estimated energy:  (-1.5002657918654903-1.5264380263803394e-07j)
55
Estimated energy:  (-1.5002650407906941+1.8718410056443558e-06j)
56
Estimated energy:  (-1.5002593564347695-1.3416427445453427e-06j)
57
Estimated energy:  (-1.5002653561773989-2.1493988305085317e-07j)
58
Estimated energy:  (-1.5002600695403348-2.967297953744962e-07j)
59
Estimated energy:  (-1.500264684975493-8.799617454790441e-07j)
60
Estimated energy:  (-1.500267299994331-3.5954786343041433e-07j)
61
Estimated energy:  (-1.5002689794553157+1.49616663969981e-06j)
62
Estimated energy:  (-1.5002675364094835+1.5877326978856424e-06j)
63
Estimated energy:  (-1.5002688949089389-1.591166942238454e-06j)
64
Estimated energy:  (-1.5002677989946003+2.791837661565516e-06j)
65
Estimated energy:  (-1.5002691301415154-1.486711466194498e-06j)
66
Estimated energy:  (-1.5002630981623835-1.0284557081760589e-07j)
67
Estimated energy:  (-1.500263412215883-2.9729880594019016e-07j)
68
Estimated energy:  (-1.5002680522768117-1.1723024714416228e-07j)
69
Estimated energy:  (-1.5002656632521671+3.572757815984909e-07j)
70
Estimated energy:  (-1.500272348231521-1.8347330864390019e-06j)
71
Estimated energy:  (-1.5002706604285425+1.4925776254714286e-06j)
72
Estimated energy:  (-1.5002675080215404+7.900835029464262e-07j)
73
Estimated energy:  (-1.5002664159599217-1.7785062134883254e-07j)
74
Estimated energy:  (-1.5002663079161593-5.272535321552691e-07j)
75
Estimated energy:  (-1.5002659402163958+1.4708093868637878e-06j)
76
Estimated energy:  (-1.5002635931778188-8.27996253967645e-07j)
77
Estimated energy:  (-1.5002637085446373+1.8591538914547787e-07j)
78
Estimated energy:  (-1.5002620373061388+5.12965969769449e-07j)
79
Estimated energy:  (-1.500264487406115+5.516532342264437e-07j)
80
Estimated energy:  (-1.5002612083582612+9.378646602415141e-08j)
81
Estimated energy:  (-1.5002656803867382+6.774674404950465e-07j)
82
Estimated energy:  (-1.5002640151346203-1.960278370289741e-06j)
83
Estimated energy:  (-1.500272230465915-1.0684079747844634e-06j)
84
Estimated energy:  (-1.5002649351028796-1.554842640685351e-07j)
85
Estimated energy:  (-1.5002636864148193-6.229133153709304e-07j)
86
Estimated energy:  (-1.5002669747225972+3.933926749358058e-08j)
87
Estimated energy:  (-1.5002669017326706+2.1404618445209407e-06j)
88
Estimated energy:  (-1.5002681869349+7.125230845530175e-07j)
89
Estimated energy:  (-1.500264856872775+7.832931438411313e-07j)
90
Estimated energy:  (-1.5002674296289513-1.225304654826866e-06j)
91
Estimated energy:  (-1.5002694458623245+6.80708249157101e-07j)
92
Estimated energy:  (-1.5002658514075435+3.074578226631545e-07j)
93
Estimated energy:  (-1.500274107342043-1.830533006080923e-06j)
94
Estimated energy:  (-1.5002647404806584-3.470984782864184e-07j)
95
Estimated energy:  (-1.5002668218217912+1.0567705675597683e-06j)
96
Estimated energy:  (-1.5002662094268808-3.9769227441633686e-07j)
97
Estimated energy:  (-1.5002695423912957-2.284396800491704e-07j)
98
Estimated energy:  (-1.5002631483123576+1.052886386196682e-06j)
99
Estimated energy:  (-1.500269419933392-9.765092000815287e-08j)
100
Estimated energy:  (-1.5002673998255784+8.705852925922342e-07j)
